<?xml version="1.0" encoding="UTF-8"?>
<!-- Generated by org.testng.reporters.JUnitReportReporter -->
<testsuite hostname="DESKTOP-7IL8GUR" failures="0" tests="3" name="Excelexample.Dataproviderclass" time="63.589" errors="0" timestamp="2025-03-25T16:24:56 IST" skipped="0">
  <testcase classname="Excelexample.Dataproviderclass" name="search" time="25.830"/>
  <testcase classname="Excelexample.Dataproviderclass" name="search" time="20.146"/>
  <testcase classname="Excelexample.Dataproviderclass" name="search" time="17.613"/>
</testsuite> <!-- Excelexample.Dataproviderclass -->
