<?xml version="1.0" encoding="UTF-8"?>
<!-- Generated by org.testng.reporters.JUnitReportReporter -->
<testsuite hostname="DESKTOP-7IL8GUR" failures="0" tests="3" name="Dataproviderpackage.Datapro" time="212.224" errors="0" timestamp="2025-03-25T13:30:03 IST" skipped="0">
  <testcase classname="Dataproviderpackage.Datapro" name="search" time="69.629"/>
  <testcase classname="Dataproviderpackage.Datapro" name="search" time="71.293"/>
  <testcase classname="Dataproviderpackage.Datapro" name="search" time="71.302"/>
</testsuite> <!-- Dataproviderpackage.Datapro -->
