<?xml version="1.0" encoding="UTF-8"?>
<!-- Generated by org.testng.reporters.JUnitReportReporter -->
<testsuite hostname="DESKTOP-7IL8GUR" failures="0" tests="1" name="Pomexample.Pompractice2" time="0.003" errors="0" timestamp="2025-03-25T06:12:29 IST" skipped="0">
  <testcase classname="Pomexample.Pompractice2" name="f" time="0.003"/>
</testsuite> <!-- Pomexample.Pompractice2 -->
