<?xml version="1.0" encoding="UTF-8"?>
<!-- Generated by org.testng.reporters.JUnitReportReporter -->
<testsuite hostname="DESKTOP-7IL8GUR" failures="0" tests="1" name="TestNGBasics.Demo1" time="0.429" errors="0" timestamp="2025-03-21T03:01:25 IST" skipped="0">
  <testcase classname="TestNGBasics.Demo1" name="Verification" time="0.429"/>
</testsuite> <!-- TestNGBasics.Demo1 -->
