<?xml version="1.0" encoding="UTF-8"?>
<!-- Generated by org.testng.reporters.JUnitReportReporter -->
<testsuite hostname="DESKTOP-7IL8GUR" failures="0" tests="2" name="TestNGBasics.Practice" time="6.578" errors="0" timestamp="2025-03-24T15:42:34 IST" skipped="0">
  <testcase classname="TestNGBasics.Practice" name="verification" time="0.918"/>
  <testcase classname="TestNGBasics.Practice" name="validation" time="5.660"/>
</testsuite> <!-- TestNGBasics.Practice -->
