<?xml version="1.0" encoding="UTF-8"?>
<!-- Generated by org.testng.reporters.JUnitReportReporter -->
<testsuite hostname="DESKTOP-7IL8GUR" failures="0" tests="1" name="com.pagestest.Dashboardtest" time="37.947" errors="0" timestamp="2025-03-25T09:25:52 IST" skipped="0">
  <testcase classname="com.pagestest.Dashboardtest" name="valid" time="37.947"/>
</testsuite> <!-- com.pagestest.Dashboardtest -->
