<?xml version="1.0" encoding="UTF-8"?>
<!-- Generated by org.testng.reporters.JUnitReportReporter -->
<testsuite hostname="DESKTOP-7IL8GUR" failures="0" tests="3" name="TestNGBasics.Annotations" time="0.147" errors="0" timestamp="2025-03-21T12:24:07 IST" skipped="0">
  <testcase classname="TestNGBasics.Annotations" name="fTest" time="0.030"/>
  <testcase classname="TestNGBasics.Annotations" name="afterTestTest" time="0.091"/>
  <testcase classname="TestNGBasics.Annotations" name="beforeTestTest" time="0.026"/>
</testsuite> <!-- TestNGBasics.Annotations -->
