<?xml version="1.0" encoding="UTF-8"?>
<!-- Generated by org.testng.reporters.JUnitReportReporter -->
<testsuite hostname="DESKTOP-7IL8GUR" failures="0" tests="2" name="Pomexample.Orange" time="10.657" errors="0" timestamp="2025-03-25T06:20:53 IST" skipped="0">
  <testcase classname="Pomexample.Orange" name="verification" time="3.754"/>
  <testcase classname="Pomexample.Orange" name="validation" time="6.903"/>
</testsuite> <!-- Pomexample.Orange -->
