<?xml version="1.0" encoding="UTF-8"?>
<!-- Generated by org.testng.reporters.JUnitReportReporter -->
<testsuite hostname="DESKTOP-7IL8GUR" failures="0" tests="2" name="TestNGBasics.NewTest" time="0.218" errors="0" timestamp="2025-03-24T12:05:19 IST" skipped="0">
  <testcase classname="TestNGBasics.NewTest" name="testB" time="0.111"/>
  <testcase classname="TestNGBasics.NewTest" name="testA" time="0.107"/>
</testsuite> <!-- TestNGBasics.NewTest -->
