<?xml version="1.0" encoding="UTF-8"?>
<!-- Generated by org.testng.reporters.JUnitReportReporter -->
<testsuite hostname="DESKTOP-7IL8GUR" failures="0" tests="1" name="com.pagestest.Logintest" time="36.063" errors="0" timestamp="2025-03-25T06:02:20 IST" skipped="0">
  <testcase classname="com.pagestest.Logintest" name="logintext" time="36.063"/>
</testsuite> <!-- com.pagestest.Logintest -->
