<?xml version="1.0" encoding="UTF-8"?>
<!-- Generated by org.testng.reporters.JUnitReportReporter -->
<testsuite hostname="DESKTOP-7IL8GUR" failures="0" tests="1" name="TestNGBasics.Assertion" time="0.440" errors="0" timestamp="2025-03-21T12:24:07 IST" skipped="0">
  <testcase classname="TestNGBasics.Assertion" name="f" time="0.440"/>
</testsuite> <!-- TestNGBasics.Assertion -->
