<?xml version="1.0" encoding="UTF-8"?>
<!-- Generated by org.testng.reporters.JUnitReportReporter -->
<testsuite hostname="DESKTOP-7IL8GUR" failures="0" tests="3" name="TestNGBasics.Parameterexample" time="0.059" errors="0" timestamp="2025-03-21T15:07:08 IST" skipped="0">
  <testcase classname="TestNGBasics.Parameterexample" name="sub" time="0.011"/>
  <testcase classname="TestNGBasics.Parameterexample" name="f" time="0.030"/>
  <testcase classname="TestNGBasics.Parameterexample" name="mul" time="0.018"/>
</testsuite> <!-- TestNGBasics.Parameterexample -->
