<?xml version="1.0" encoding="UTF-8"?>
<!-- Generated by org.testng.reporters.JUnitReportReporter -->
<testsuite hostname="DESKTOP-7IL8GUR" failures="0" tests="2" name="TestNGBasics.Practice" time="6.738" errors="0" timestamp="2025-03-25T07:12:06 IST" skipped="0">
  <testcase classname="TestNGBasics.Practice" name="verification" time="0.896"/>
  <testcase classname="TestNGBasics.Practice" name="validation" time="5.842"/>
</testsuite> <!-- TestNGBasics.Practice -->
