<?xml version="1.0" encoding="UTF-8"?>
<!-- Generated by org.testng.reporters.JUnitReportReporter -->
<testsuite hostname="DESKTOP-7IL8GUR" failures="0" tests="3" name="TestNGBasics.Groupexample" time="0.141" errors="0" timestamp="2025-03-24T12:05:19 IST" skipped="0">
  <testcase classname="TestNGBasics.Groupexample" name="f" time="0.016"/>
  <testcase classname="TestNGBasics.Groupexample" name="f1" time="0.072"/>
  <testcase classname="TestNGBasics.Groupexample" name="f2" time="0.053"/>
</testsuite> <!-- TestNGBasics.Groupexample -->
