<?xml version="1.0" encoding="UTF-8"?>
<!-- Generated by org.testng.reporters.JUnitReportReporter -->
<testsuite hostname="DESKTOP-7IL8GUR" failures="0" tests="1" name="com.testts.Logintest" time="4.671" errors="0" timestamp="2025-03-24T15:48:30 IST" skipped="0">
  <testcase classname="com.testts.Logintest" name="test1" time="4.671"/>
</testsuite> <!-- com.testts.Logintest -->
