<?xml version="1.0" encoding="UTF-8"?>
<!-- Generated by org.testng.reporters.JUnitReportReporter -->
<testsuite hostname="DESKTOP-7IL8GUR" failures="0" tests="1" name="com.testts.DashboardTest" time="4.373" errors="0" timestamp="2025-03-24T15:48:30 IST" skipped="0">
  <testcase classname="com.testts.DashboardTest" name="f" time="4.373"/>
</testsuite> <!-- com.testts.DashboardTest -->
