<?xml version="1.0" encoding="UTF-8"?>
<!-- Generated by org.testng.reporters.JUnitReportReporter -->
<testsuite hostname="DESKTOP-7IL8GUR" failures="0" tests="16" name="Practice.Orders" time="0.504" errors="0" timestamp="2025-03-24T09:45:27 IST" skipped="6">
  <testcase classname="Practice.Orders" name="test3" time="0.027"/>
  <testcase classname="Practice.Orders" name="test3" time="0.048"/>
  <testcase classname="Practice.Orders" name="test2" time="0.051"/>
  <testcase classname="Practice.Orders" name="test2" time="0.100"/>
  <testcase classname="Practice.Orders" name="test1" time="0.013"/>
  <testcase classname="Practice.Orders" name="test4" time="0.022"/>
  <testcase classname="Practice.Orders" name="test4" time="0.007"/>
  <testcase classname="Practice.Orders" name="test1" time="0.090"/>
  <testcase classname="Practice.Orders" name="test4" time="0.023"/>
  <testcase classname="Practice.Orders" name="test7" time="0.123"/>
  <testcase classname="Practice.Orders" name="test5">
    <skipped/>
  </testcase> <!-- test5 -->
  <testcase classname="Practice.Orders" name="test6">
    <skipped/>
  </testcase> <!-- test6 -->
  <testcase classname="Practice.Orders" name="test6">
    <skipped/>
  </testcase> <!-- test6 -->
  <testcase classname="Practice.Orders" name="test5">
    <skipped/>
  </testcase> <!-- test5 -->
  <testcase classname="Practice.Orders" name="test6">
    <skipped/>
  </testcase> <!-- test6 -->
  <testcase classname="Practice.Orders" name="test5">
    <skipped/>
  </testcase> <!-- test5 -->
</testsuite> <!-- Practice.Orders -->
