<?xml version="1.0" encoding="UTF-8"?>
<!-- Generated by org.testng.reporters.JUnitReportReporter -->
<testsuite hostname="DESKTOP-7IL8GUR" failures="0" tests="1" name="Pomexample.Pompractice1" time="25.908" errors="0" timestamp="2025-03-25T06:20:53 IST" skipped="0">
  <testcase classname="Pomexample.Pompractice1" name="testSearch" time="25.908"/>
</testsuite> <!-- Pomexample.Pompractice1 -->
