<?xml version="1.0" encoding="UTF-8"?>
<!-- Generated by org.testng.reporters.JUnitReportReporter -->
<testsuite hostname="DESKTOP-7IL8GUR" failures="0" tests="3" name="TestNGBasics.Paramerexample" time="0.077" errors="0" timestamp="2025-03-21T15:02:33 IST" skipped="0">
  <testcase classname="TestNGBasics.Paramerexample" name="sub" time="0.017"/>
  <testcase classname="TestNGBasics.Paramerexample" name="f" time="0.037"/>
  <testcase classname="TestNGBasics.Paramerexample" name="mul" time="0.023"/>
</testsuite> <!-- TestNGBasics.Paramerexample -->
